<?xml version="1.0" encoding="UTF-8"?>
<testng-results skipped="0" failed="0" total="2" passed="2">
  <reporter-output>
  </reporter-output>
  <suite name="Default suite" duration-ms="25871" started-at="2017-05-24T05:53:12Z" finished-at="2017-05-24T05:53:38Z">
    <groups>
    </groups>
    <test name="Default test" duration-ms="25871" started-at="2017-05-24T05:53:12Z" finished-at="2017-05-24T05:53:38Z">
      <class name="com.datalicious.testscript.Tasks">
        <test-method status="PASS" signature="beforeTest()[pri:0, instance:com.datalicious.testscript.Tasks@475530b9]" name="beforeTest" is-config="true" duration-ms="20929" started-at="2017-05-24T11:23:12Z" finished-at="2017-05-24T11:23:33Z">
          <reporter-output>
          </reporter-output>
        </test-method> <!-- beforeTest -->
        <test-method status="PASS" signature="firstTask()[pri:1, instance:com.datalicious.testscript.Tasks@475530b9]" name="firstTask" duration-ms="4769" started-at="2017-05-24T11:23:33Z" finished-at="2017-05-24T11:23:38Z">
          <reporter-output>
          </reporter-output>
        </test-method> <!-- firstTask -->
        <test-method status="PASS" signature="SecondTask()[pri:2, instance:com.datalicious.testscript.Tasks@475530b9]" name="SecondTask" duration-ms="142" started-at="2017-05-24T11:23:38Z" finished-at="2017-05-24T11:23:38Z">
          <reporter-output>
          </reporter-output>
        </test-method> <!-- SecondTask -->
      </class> <!-- com.datalicious.testscript.Tasks -->
    </test> <!-- Default test -->
  </suite> <!-- Default suite -->
</testng-results>
